<?xml version="1.0" encoding="UTF-8"?>
<testsuite name="ReadabilityTest" tests="1" skipped="0" failures="0" errors="0" timestamp="2020-07-03T20:28:23" hostname="DESKTOP-2UMIIH4" time="0.177">
  <properties/>
  <testcase name="start" classname="ReadabilityTest" time="0.177"/>
  <system-out><![CDATA[?[1;31m
Start test 1?[0m
Words: 108
Sentences: 6
Characters: 580
Syllables: 185
Polysyllables: 19
Enter the score you want to calculate (ARI, FK, SMOG, CL, all): all

Automated Readability Index: 12.86 (about 24 year olds).
Flesch–Kincaid readability tests: 11.64 (about 18 year olds).
Simple Measure of Gobbledygook: 13.30 (about 24 year olds).
Coleman–Liau index: 14.13 (about 24 year olds).
?[1;31m
Start test 2?[0m
Words: 137
Sentences: 14
Characters: 687
Syllables: 208
Polysyllables: 16
Enter the score you want to calculate (ARI, FK, SMOG, CL, all): all

Automated Readability Index: 7.08 (about 13 year olds).
Flesch–Kincaid readability tests: 6.14 (about 12 year olds).
Simple Measure of Gobbledygook: 9.21 (about 15 year olds).
Coleman–Liau index: 10.66 (about 17 year olds).
?[1;31m
Start test 3?[0m
Words: 180
Sentences: 13
Characters: 982
Syllables: 306
Polysyllables: 31
Enter the score you want to calculate (ARI, FK, SMOG, CL, all): all

Automated Readability Index: 11.19 (about 17 year olds).
Flesch–Kincaid readability tests: 9.87 (about 16 year olds).
Simple Measure of Gobbledygook: 11.92 (about 18 year olds).
Coleman–Liau index: 14.14 (about 24 year olds).
]]></system-out>
  <system-err><![CDATA[]]></system-err>
</testsuite>
